<?xml version="1.0" encoding="UTF-8"?>
<testsuite xmlns:xsi="http://www.w3.org/2001/XMLSchema-instance" xsi:noNamespaceSchemaLocation="https://maven.apache.org/surefire/maven-surefire-plugin/xsd/surefire-test-report.xsd" name="tasks.model.TaskTest" time="0" tests="1" errors="1" skipped="0" failures="0">
  <properties>
[...]
</properties>
  <testcase name="testTaskCreation" classname="tasks.model.TaskTest" time="0">
    <error message="Unable to make tasks.model.TaskTest() accessible: module tasks does not &quot;opens tasks.model&quot; to unnamed module @3e84448c" type="java.lang.reflect.InaccessibleObjectException">java.lang.reflect.InaccessibleObjectException: Unable to make tasks.model.TaskTest() accessible: module tasks does not "opens tasks.model" to unnamed module @3e84448c
</error>
  </testcase>
</testsuite>